[Sun Sep 09 22:26:30 2018] [notice] Digest: generating secret for digest authentication ...
[Sun Sep 09 22:26:30 2018] [notice] Digest: done
[Sun Sep 09 22:26:31 2018] [notice] Apache/2.2.31 (Win32) DAV/2 mod_ssl/2.2.31 OpenSSL/1.0.2h mod_fcgid/2.3.9 mod_wsgi/3.4 Python/2.7.6 PHP/7.2.1 mod_perl/2.0.8 Perl/v5.16.3 configured -- resuming normal operations
[Sun Sep 09 22:26:31 2018] [notice] Server built: May  6 2016 10:19:53
[Sun Sep 09 22:26:31 2018] [notice] Parent: Created child process 3828
[Sun Sep 09 22:26:32 2018] [notice] Digest: generating secret for digest authentication ...
[Sun Sep 09 22:26:32 2018] [notice] Digest: done
[Sun Sep 09 22:26:33 2018] [notice] Child 3828: Child process is running
[Sun Sep 09 22:26:33 2018] [notice] Child 3828: Acquired the start mutex.
[Sun Sep 09 22:26:33 2018] [notice] Child 3828: Starting 64 worker threads.
[Sun Sep 09 22:26:33 2018] [notice] Child 3828: Starting thread to listen on port 82.
[Mon Sep 10 08:54:22 2018] [error] [client 127.0.0.1] File does not exist: C:/MAMP/htdocs/image_upload_code/favicon.ico, referer: http://localhost:82/
[Mon Sep 10 09:14:45 2018] [notice] Parent: Received shutdown signal -- Shutting down the server.
[Mon Sep 10 09:14:45 2018] [notice] Child 3828: Exit event signaled. Child process is ending.
[Mon Sep 10 09:14:46 2018] [notice] Child 3828: Released the start mutex
[Mon Sep 10 09:15:15 2018] [notice] Parent: Forcing termination of child process 5f0
[Mon Sep 10 09:15:45 2018] [notice] Digest: generating secret for digest authentication ...
[Mon Sep 10 09:15:45 2018] [notice] Digest: done
[Mon Sep 10 09:15:46 2018] [notice] Apache/2.2.31 (Win32) DAV/2 mod_ssl/2.2.31 OpenSSL/1.0.2h mod_fcgid/2.3.9 mod_wsgi/3.4 Python/2.7.6 PHP/7.2.1 mod_perl/2.0.8 Perl/v5.16.3 configured -- resuming normal operations
[Mon Sep 10 09:15:46 2018] [notice] Server built: May  6 2016 10:19:53
[Mon Sep 10 09:15:46 2018] [notice] Parent: Created child process 492
[Mon Sep 10 09:15:47 2018] [notice] Digest: generating secret for digest authentication ...
[Mon Sep 10 09:15:47 2018] [notice] Digest: done
[Mon Sep 10 09:15:48 2018] [notice] Child 492: Child process is running
[Mon Sep 10 09:15:48 2018] [notice] Child 492: Acquired the start mutex.
[Mon Sep 10 09:15:48 2018] [notice] Child 492: Starting 64 worker threads.
[Mon Sep 10 09:15:48 2018] [notice] Child 492: Starting thread to listen on port 82.
[Mon Sep 10 10:50:18 2018] [error] [client 127.0.0.1] File does not exist: C:/MAMP/htdocs/image_upload_code/~, referer: http://localhost:82/
